<?xml version="1.0" encoding="UTF-8"?>
<testng-results ignored="0" total="14" passed="12" failed="1" skipped="1">
  <reporter-output>
  </reporter-output>
  <suite started-at="2023-05-03T11:57:58 IST" name="TutorialNinjaAutomationTestSuite" finished-at="2023-05-03T11:59:12 IST" duration-ms="74257">
    <groups>
    </groups>
    <test started-at="2023-05-03T11:57:58 IST" name="TutorialsNinjaTests" finished-at="2023-05-03T11:59:12 IST" duration-ms="74257">
      <class name="com.qa.testcases.Register">
        <test-method is-config="true" signature="setUp()[pri:0, instance:com.qa.testcases.Register@67c27493]" started-at="2023-05-03T11:57:59 IST" name="setUp" finished-at="2023-05-03T11:58:08 IST" duration-ms="8906" status="PASS">
          <reporter-output>
          </reporter-output>
        </test-method> <!-- setUp -->
        <test-method signature="verifyRegisteringAccountMandatoryFields()[pri:1, instance:com.qa.testcases.Register@67c27493]" started-at="2023-05-03T11:58:08 IST" name="verifyRegisteringAccountMandatoryFields" finished-at="2023-05-03T11:58:09 IST" duration-ms="1812" status="PASS">
          <reporter-output>
          </reporter-output>
        </test-method> <!-- verifyRegisteringAccountMandatoryFields -->
        <test-method is-config="true" signature="tearDown()[pri:0, instance:com.qa.testcases.Register@67c27493]" started-at="2023-05-03T11:58:09 IST" name="tearDown" finished-at="2023-05-03T11:58:10 IST" duration-ms="586" status="PASS">
          <reporter-output>
          </reporter-output>
        </test-method> <!-- tearDown -->
        <test-method is-config="true" signature="setUp()[pri:0, instance:com.qa.testcases.Register@67c27493]" started-at="2023-05-03T11:58:10 IST" name="setUp" finished-at="2023-05-03T11:58:14 IST" duration-ms="3884" status="PASS">
          <reporter-output>
          </reporter-output>
        </test-method> <!-- setUp -->
        <test-method signature="verifyRegisterAccountProvidingAllFields()[pri:2, instance:com.qa.testcases.Register@67c27493]" started-at="2023-05-03T11:58:14 IST" name="verifyRegisterAccountProvidingAllFields" finished-at="2023-05-03T11:58:16 IST" duration-ms="1797" status="PASS">
          <reporter-output>
          </reporter-output>
        </test-method> <!-- verifyRegisterAccountProvidingAllFields -->
        <test-method is-config="true" signature="tearDown()[pri:0, instance:com.qa.testcases.Register@67c27493]" started-at="2023-05-03T11:58:16 IST" name="tearDown" finished-at="2023-05-03T11:58:16 IST" duration-ms="579" status="PASS">
          <reporter-output>
          </reporter-output>
        </test-method> <!-- tearDown -->
        <test-method is-config="true" signature="setUp()[pri:0, instance:com.qa.testcases.Register@67c27493]" started-at="2023-05-03T11:58:16 IST" name="setUp" finished-at="2023-05-03T11:58:20 IST" duration-ms="3816" status="PASS">
          <reporter-output>
          </reporter-output>
        </test-method> <!-- setUp -->
        <test-method signature="verifyRegisterAccountWithExistingEmailAddress()[pri:3, instance:com.qa.testcases.Register@67c27493]" started-at="2023-05-03T11:58:20 IST" name="verifyRegisterAccountWithExistingEmailAddress" finished-at="2023-05-03T11:58:22 IST" duration-ms="1721" status="PASS">
          <reporter-output>
          </reporter-output>
        </test-method> <!-- verifyRegisterAccountWithExistingEmailAddress -->
        <test-method is-config="true" signature="tearDown()[pri:0, instance:com.qa.testcases.Register@67c27493]" started-at="2023-05-03T11:58:22 IST" name="tearDown" finished-at="2023-05-03T11:58:22 IST" duration-ms="437" status="PASS">
          <reporter-output>
          </reporter-output>
        </test-method> <!-- tearDown -->
        <test-method is-config="true" signature="setUp()[pri:0, instance:com.qa.testcases.Register@67c27493]" started-at="2023-05-03T11:58:22 IST" name="setUp" finished-at="2023-05-03T11:58:27 IST" duration-ms="4483" status="PASS">
          <reporter-output>
          </reporter-output>
        </test-method> <!-- setUp -->
        <test-method signature="registeringAccountWithoutFillingDetails()[pri:4, instance:com.qa.testcases.Register@67c27493]" started-at="2023-05-03T11:58:27 IST" name="registeringAccountWithoutFillingDetails" finished-at="2023-05-03T11:58:27 IST" duration-ms="730" status="PASS">
          <reporter-output>
          </reporter-output>
        </test-method> <!-- registeringAccountWithoutFillingDetails -->
        <test-method is-config="true" signature="tearDown()[pri:0, instance:com.qa.testcases.Register@67c27493]" started-at="2023-05-03T11:58:27 IST" name="tearDown" finished-at="2023-05-03T11:58:28 IST" duration-ms="406" status="PASS">
          <reporter-output>
          </reporter-output>
        </test-method> <!-- tearDown -->
      </class> <!-- com.qa.testcases.Register -->
      <class name="com.qa.testcases.Login">
        <test-method is-config="true" signature="setUp()[pri:0, instance:com.qa.testcases.Login@1aafa419]" started-at="2023-05-03T11:58:29 IST" name="setUp" finished-at="2023-05-03T11:58:32 IST" duration-ms="3536" status="PASS">
          <reporter-output>
          </reporter-output>
        </test-method> <!-- setUp -->
        <test-method signature="verifyLoginValidCredentails(java.lang.String,java.lang.String)[pri:1, instance:com.qa.testcases.Login@1aafa419]" started-at="2023-05-03T11:58:32 IST" name="verifyLoginValidCredentails" data-provider="ValidCredentialSupplier" finished-at="2023-05-03T11:58:34 IST" duration-ms="1107" status="PASS">
          <params>
            <param index="0">
              <value>
                <![CDATA[amotooricap9@gmail.com]]>
              </value>
            </param>
            <param index="1">
              <value>
                <![CDATA[12345]]>
              </value>
            </param>
          </params>
          <reporter-output>
          </reporter-output>
        </test-method> <!-- verifyLoginValidCredentails -->
        <test-method is-config="true" signature="tearDown()[pri:0, instance:com.qa.testcases.Login@1aafa419]" started-at="2023-05-03T11:58:34 IST" name="tearDown" finished-at="2023-05-03T11:58:34 IST" duration-ms="389" status="PASS">
          <reporter-output>
          </reporter-output>
        </test-method> <!-- tearDown -->
        <test-method is-config="true" signature="setUp()[pri:0, instance:com.qa.testcases.Login@1aafa419]" started-at="2023-05-03T11:58:34 IST" name="setUp" finished-at="2023-05-03T11:58:38 IST" duration-ms="3937" status="PASS">
          <reporter-output>
          </reporter-output>
        </test-method> <!-- setUp -->
        <test-method signature="verifyLoginValidCredentails(java.lang.String,java.lang.String)[pri:1, instance:com.qa.testcases.Login@1aafa419]" started-at="2023-05-03T11:58:38 IST" name="verifyLoginValidCredentails" data-provider="ValidCredentialSupplier" finished-at="2023-05-03T11:58:39 IST" duration-ms="920" status="PASS">
          <params>
            <param index="0">
              <value>
                <![CDATA[amotooricap1@gmail.com]]>
              </value>
            </param>
            <param index="1">
              <value>
                <![CDATA[12345]]>
              </value>
            </param>
          </params>
          <reporter-output>
          </reporter-output>
        </test-method> <!-- verifyLoginValidCredentails -->
        <test-method is-config="true" signature="tearDown()[pri:0, instance:com.qa.testcases.Login@1aafa419]" started-at="2023-05-03T11:58:39 IST" name="tearDown" finished-at="2023-05-03T11:58:39 IST" duration-ms="420" status="PASS">
          <reporter-output>
          </reporter-output>
        </test-method> <!-- tearDown -->
        <test-method is-config="true" signature="setUp()[pri:0, instance:com.qa.testcases.Login@1aafa419]" started-at="2023-05-03T11:58:39 IST" name="setUp" finished-at="2023-05-03T11:58:43 IST" duration-ms="3799" status="PASS">
          <reporter-output>
          </reporter-output>
        </test-method> <!-- setUp -->
        <test-method signature="verifyLoginValidCredentails(java.lang.String,java.lang.String)[pri:1, instance:com.qa.testcases.Login@1aafa419]" started-at="2023-05-03T11:58:43 IST" name="verifyLoginValidCredentails" data-provider="ValidCredentialSupplier" finished-at="2023-05-03T11:58:44 IST" duration-ms="1029" status="PASS">
          <params>
            <param index="0">
              <value>
                <![CDATA[amotooricap3@gmail.com]]>
              </value>
            </param>
            <param index="1">
              <value>
                <![CDATA[12345]]>
              </value>
            </param>
          </params>
          <reporter-output>
          </reporter-output>
        </test-method> <!-- verifyLoginValidCredentails -->
        <test-method is-config="true" signature="tearDown()[pri:0, instance:com.qa.testcases.Login@1aafa419]" started-at="2023-05-03T11:58:44 IST" name="tearDown" finished-at="2023-05-03T11:58:44 IST" duration-ms="408" status="PASS">
          <reporter-output>
          </reporter-output>
        </test-method> <!-- tearDown -->
        <test-method is-config="true" signature="setUp()[pri:0, instance:com.qa.testcases.Login@1aafa419]" started-at="2023-05-03T11:58:44 IST" name="setUp" finished-at="2023-05-03T11:58:48 IST" duration-ms="3746" status="PASS">
          <reporter-output>
          </reporter-output>
        </test-method> <!-- setUp -->
        <test-method signature="verifyLoginInvalidCredentails()[pri:2, instance:com.qa.testcases.Login@1aafa419]" started-at="2023-05-03T11:58:48 IST" name="verifyLoginInvalidCredentails" finished-at="2023-05-03T11:58:49 IST" duration-ms="995" status="PASS">
          <reporter-output>
          </reporter-output>
        </test-method> <!-- verifyLoginInvalidCredentails -->
        <test-method is-config="true" signature="tearDown()[pri:0, instance:com.qa.testcases.Login@1aafa419]" started-at="2023-05-03T11:58:49 IST" name="tearDown" finished-at="2023-05-03T11:58:50 IST" duration-ms="435" status="PASS">
          <reporter-output>
          </reporter-output>
        </test-method> <!-- tearDown -->
        <test-method is-config="true" signature="setUp()[pri:0, instance:com.qa.testcases.Login@1aafa419]" started-at="2023-05-03T11:58:50 IST" name="setUp" finished-at="2023-05-03T11:58:53 IST" duration-ms="3551" status="PASS">
          <reporter-output>
          </reporter-output>
        </test-method> <!-- setUp -->
        <test-method signature="verifyLoginInvalidEmailAndValidPassword()[pri:3, instance:com.qa.testcases.Login@1aafa419]" started-at="2023-05-03T11:58:53 IST" name="verifyLoginInvalidEmailAndValidPassword" finished-at="2023-05-03T11:58:54 IST" duration-ms="990" status="PASS">
          <reporter-output>
          </reporter-output>
        </test-method> <!-- verifyLoginInvalidEmailAndValidPassword -->
        <test-method is-config="true" signature="tearDown()[pri:0, instance:com.qa.testcases.Login@1aafa419]" started-at="2023-05-03T11:58:54 IST" name="tearDown" finished-at="2023-05-03T11:58:55 IST" duration-ms="554" status="PASS">
          <reporter-output>
          </reporter-output>
        </test-method> <!-- tearDown -->
        <test-method is-config="true" signature="setUp()[pri:0, instance:com.qa.testcases.Login@1aafa419]" started-at="2023-05-03T11:58:55 IST" name="setUp" finished-at="2023-05-03T11:58:58 IST" duration-ms="3336" status="PASS">
          <reporter-output>
          </reporter-output>
        </test-method> <!-- setUp -->
        <test-method signature="verifyLoginValidEmailAndInvalidPassword()[pri:4, instance:com.qa.testcases.Login@1aafa419]" started-at="2023-05-03T11:58:58 IST" name="verifyLoginValidEmailAndInvalidPassword" finished-at="2023-05-03T11:58:59 IST" duration-ms="933" status="PASS">
          <reporter-output>
          </reporter-output>
        </test-method> <!-- verifyLoginValidEmailAndInvalidPassword -->
        <test-method is-config="true" signature="tearDown()[pri:0, instance:com.qa.testcases.Login@1aafa419]" started-at="2023-05-03T11:58:59 IST" name="tearDown" finished-at="2023-05-03T11:58:59 IST" duration-ms="400" status="PASS">
          <reporter-output>
          </reporter-output>
        </test-method> <!-- tearDown -->
        <test-method is-config="true" signature="setUp()[pri:0, instance:com.qa.testcases.Login@1aafa419]" started-at="2023-05-03T11:58:59 IST" name="setUp" finished-at="2023-05-03T11:59:03 IST" duration-ms="3513" status="PASS">
          <reporter-output>
          </reporter-output>
        </test-method> <!-- setUp -->
        <test-method signature="verifyWithoutLoginCredentials()[pri:5, instance:com.qa.testcases.Login@1aafa419]" started-at="2023-05-03T11:59:03 IST" name="verifyWithoutLoginCredentials" finished-at="2023-05-03T11:59:03 IST" duration-ms="514" status="PASS">
          <reporter-output>
          </reporter-output>
        </test-method> <!-- verifyWithoutLoginCredentials -->
        <test-method is-config="true" signature="tearDown()[pri:0, instance:com.qa.testcases.Login@1aafa419]" started-at="2023-05-03T11:59:03 IST" name="tearDown" finished-at="2023-05-03T11:59:04 IST" duration-ms="399" status="PASS">
          <reporter-output>
          </reporter-output>
        </test-method> <!-- tearDown -->
      </class> <!-- com.qa.testcases.Login -->
      <class name="com.qa.testcases.Search">
        <test-method is-config="true" signature="setUp()[pri:0, instance:com.qa.testcases.Search@55182842]" started-at="2023-05-03T11:59:04 IST" name="setUp" finished-at="2023-05-03T11:59:07 IST" duration-ms="3066" status="PASS">
          <reporter-output>
          </reporter-output>
        </test-method> <!-- setUp -->
        <test-method signature="verifySearchWithValidProduct()[pri:1, instance:com.qa.testcases.Search@55182842]" started-at="2023-05-03T11:59:07 IST" name="verifySearchWithValidProduct" finished-at="2023-05-03T11:59:07 IST" duration-ms="540" status="PASS">
          <reporter-output>
          </reporter-output>
        </test-method> <!-- verifySearchWithValidProduct -->
        <test-method is-config="true" signature="tearDown()[pri:0, instance:com.qa.testcases.Search@55182842]" started-at="2023-05-03T11:59:07 IST" name="tearDown" finished-at="2023-05-03T11:59:08 IST" duration-ms="535" status="PASS">
          <reporter-output>
          </reporter-output>
        </test-method> <!-- tearDown -->
        <test-method is-config="true" signature="setUp()[pri:0, instance:com.qa.testcases.Search@55182842]" started-at="2023-05-03T11:59:08 IST" name="setUp" finished-at="2023-05-03T11:59:11 IST" duration-ms="3014" status="PASS">
          <reporter-output>
          </reporter-output>
        </test-method> <!-- setUp -->
        <test-method signature="verifySearchWithInValidProduct()[pri:2, instance:com.qa.testcases.Search@55182842]" started-at="2023-05-03T11:59:11 IST" name="verifySearchWithInValidProduct" finished-at="2023-05-03T11:59:12 IST" duration-ms="531" status="FAIL">
          <exception class="java.lang.AssertionError">
            <message>
              <![CDATA[The actual search message is not displayed expected [//div[contains(@class,'alert-dismissible')]] but found [There is no product that matches the search criteria.]]]>
            </message>
            <full-stacktrace>
              <![CDATA[java.lang.AssertionError: The actual search message is not displayed expected [//div[contains(@class,'alert-dismissible')]] but found [There is no product that matches the search criteria.]
at org.testng.Assert.fail(Assert.java:110)
at org.testng.Assert.failNotEquals(Assert.java:1577)
at org.testng.Assert.assertEqualsImpl(Assert.java:149)
at org.testng.Assert.assertEquals(Assert.java:131)
at org.testng.Assert.assertEquals(Assert.java:655)
at com.qa.testcases.Search.verifySearchWithInValidProduct(Search.java:42)
at java.base/jdk.internal.reflect.DirectMethodHandleAccessor.invoke(DirectMethodHandleAccessor.java:104)
at java.base/java.lang.reflect.Method.invoke(Method.java:577)
at org.testng.internal.invokers.MethodInvocationHelper.invokeMethod(MethodInvocationHelper.java:139)
at org.testng.internal.invokers.TestInvoker.invokeMethod(TestInvoker.java:677)
at org.testng.internal.invokers.TestInvoker.invokeTestMethod(TestInvoker.java:221)
at org.testng.internal.invokers.MethodRunner.runInSequence(MethodRunner.java:50)
at org.testng.internal.invokers.TestInvoker$MethodInvocationAgent.invoke(TestInvoker.java:969)
at org.testng.internal.invokers.TestInvoker.invokeTestMethods(TestInvoker.java:194)
at org.testng.internal.invokers.TestMethodWorker.invokeTestMethods(TestMethodWorker.java:148)
at org.testng.internal.invokers.TestMethodWorker.run(TestMethodWorker.java:128)
at java.base/java.util.ArrayList.forEach(ArrayList.java:1511)
at org.testng.TestRunner.privateRun(TestRunner.java:829)
at org.testng.TestRunner.run(TestRunner.java:602)
at org.testng.SuiteRunner.runTest(SuiteRunner.java:437)
at org.testng.SuiteRunner.runSequentially(SuiteRunner.java:431)
at org.testng.SuiteRunner.privateRun(SuiteRunner.java:391)
at org.testng.SuiteRunner.run(SuiteRunner.java:330)
at org.testng.SuiteRunnerWorker.runSuite(SuiteRunnerWorker.java:52)
at org.testng.SuiteRunnerWorker.run(SuiteRunnerWorker.java:95)
at org.testng.TestNG.runSuitesSequentially(TestNG.java:1256)
at org.testng.TestNG.runSuitesLocally(TestNG.java:1176)
at org.testng.TestNG.runSuites(TestNG.java:1099)
at org.testng.TestNG.run(TestNG.java:1067)
at org.testng.remote.AbstractRemoteTestNG.run(AbstractRemoteTestNG.java:115)
at org.testng.remote.RemoteTestNG.initAndRun(RemoteTestNG.java:251)
at org.testng.remote.RemoteTestNG.main(RemoteTestNG.java:77)
]]>
            </full-stacktrace>
          </exception> <!-- java.lang.AssertionError -->
          <reporter-output>
          </reporter-output>
        </test-method> <!-- verifySearchWithInValidProduct -->
        <test-method is-config="true" signature="tearDown()[pri:0, instance:com.qa.testcases.Search@55182842]" started-at="2023-05-03T11:59:12 IST" name="tearDown" finished-at="2023-05-03T11:59:12 IST" duration-ms="400" status="PASS">
          <reporter-output>
          </reporter-output>
        </test-method> <!-- tearDown -->
        <test-method signature="verifySearchWithNoProductName()[pri:3, instance:com.qa.testcases.Search@55182842]" started-at="2023-05-03T11:59:12 IST" name="verifySearchWithNoProductName" finished-at="2023-05-03T11:59:12 IST" depends-on-methods="com.qa.testcases.Search.verifySearchWithInValidProduct" duration-ms="0" status="SKIP">
          <exception class="java.lang.Throwable">
            <message>
              <![CDATA[Method com.qa.testcases.Search.verifySearchWithNoProductName() on instance com.qa.testcases.Search@55182842 depends on not successfully finished methods 
[com.qa.testcases.Search.verifySearchWithInValidProduct() on instance com.qa.testcases.Search@55182842]]]>
            </message>
            <full-stacktrace>
              <![CDATA[java.lang.Throwable: Method com.qa.testcases.Search.verifySearchWithNoProductName() on instance com.qa.testcases.Search@55182842 depends on not successfully finished methods 
[com.qa.testcases.Search.verifySearchWithInValidProduct() on instance com.qa.testcases.Search@55182842]
at org.testng.internal.invokers.TestInvoker.invokeTestMethods(TestInvoker.java:150)
at org.testng.internal.invokers.TestMethodWorker.invokeTestMethods(TestMethodWorker.java:148)
at org.testng.internal.invokers.TestMethodWorker.run(TestMethodWorker.java:128)
at java.base/java.util.ArrayList.forEach(ArrayList.java:1511)
at org.testng.TestRunner.privateRun(TestRunner.java:829)
at org.testng.TestRunner.run(TestRunner.java:602)
at org.testng.SuiteRunner.runTest(SuiteRunner.java:437)
at org.testng.SuiteRunner.runSequentially(SuiteRunner.java:431)
at org.testng.SuiteRunner.privateRun(SuiteRunner.java:391)
at org.testng.SuiteRunner.run(SuiteRunner.java:330)
at org.testng.SuiteRunnerWorker.runSuite(SuiteRunnerWorker.java:52)
at org.testng.SuiteRunnerWorker.run(SuiteRunnerWorker.java:95)
at org.testng.TestNG.runSuitesSequentially(TestNG.java:1256)
at org.testng.TestNG.runSuitesLocally(TestNG.java:1176)
at org.testng.TestNG.runSuites(TestNG.java:1099)
at org.testng.TestNG.run(TestNG.java:1067)
at org.testng.remote.AbstractRemoteTestNG.run(AbstractRemoteTestNG.java:115)
at org.testng.remote.RemoteTestNG.initAndRun(RemoteTestNG.java:251)
at org.testng.remote.RemoteTestNG.main(RemoteTestNG.java:77)
]]>
            </full-stacktrace>
          </exception> <!-- java.lang.Throwable -->
          <reporter-output>
          </reporter-output>
        </test-method> <!-- verifySearchWithNoProductName -->
      </class> <!-- com.qa.testcases.Search -->
    </test> <!-- TutorialsNinjaTests -->
  </suite> <!-- TutorialNinjaAutomationTestSuite -->
</testng-results>
