<?xml version="1.0" encoding="UTF-8"?>
<!-- Generated by org.testng.reporters.JUnitXMLReporter -->
<testsuite ignored="0" hostname="DESKTOP-MCJKM2A" failures="0" tests="12" name="TutorialsNinjaTests" time="62.446" errors="0" timestamp="2023-04-30T13:26:22 IST">
  <testcase classname="com.qa.testcases.Register" name="verifyRegisteringAccountMandatoryFields" time="1.568"/>
  <testcase classname="com.qa.testcases.Register" name="verifyRegisterAccountProvidingAllFields" time="1.594"/>
  <testcase classname="com.qa.testcases.Register" name="verifyRegisterAccountWithExistingEmailAddress" time="2.886"/>
  <testcase classname="com.qa.testcases.Register" name="registeringAccountWithoutFillingDetails" time="0.715"/>
  <testcase classname="com.qa.testcases.Login" name="verifyLoginValidCredentails" time="1.008"/>
  <testcase classname="com.qa.testcases.Login" name="verifyLoginInvalidCredentails" time="0.761"/>
  <testcase classname="com.qa.testcases.Login" name="verifyLoginInvalidEmailAndValidPassword" time="0.983"/>
  <testcase classname="com.qa.testcases.Login" name="verifyLoginValidEmailAndInvalidPassword" time="0.855"/>
  <testcase classname="com.qa.testcases.Login" name="verifyWithoutLoginCredentials" time="0.639"/>
  <testcase classname="com.qa.testcases.Search" name="verifySearchWithValidProduct" time="0.573"/>
  <testcase classname="com.qa.testcases.Search" name="verifySearchWithInValidProduct" time="0.531"/>
  <testcase classname="com.qa.testcases.Search" name="verifySearchWithNoProductName" time="0.512"/>
</testsuite> <!-- TutorialsNinjaTests -->
