<?xml version="1.0" encoding="UTF-8"?>
<!-- Generated by org.testng.reporters.JUnitXMLReporter -->
<testsuite ignored="0" hostname="DESKTOP-MCJKM2A" failures="0" tests="3" name="Default test" time="13.737" errors="0" timestamp="2023-04-29T17:20:30 IST">
  <testcase classname="com.qa.testcases.Search" name="verifySearchWithValidProduct" time="0.668"/>
  <testcase classname="com.qa.testcases.Search" name="verifySearchWithInValidProduct" time="0.557"/>
  <testcase classname="com.qa.testcases.Search" name="verifySearchWithNoProductName" time="0.508"/>
</testsuite> <!-- Default test -->
