<?xml version="1.0" encoding="UTF-8"?>
<!-- Generated by org.testng.reporters.JUnitXMLReporter -->
<testsuite ignored="4" hostname="DESKTOP-MCJKM2A" failures="0" tests="3" name="Default test" time="28.929" errors="0" timestamp="2023-04-30T17:57:33 IST">
  <testcase classname="com.qa.testcases.Login" name="verifyLoginValidCredentails" time="1.175"/>
  <testcase classname="com.qa.testcases.Login" name="verifyLoginValidCredentails" time="1.052"/>
  <testcase classname="com.qa.testcases.Login" name="verifyLoginValidCredentails" time="1.159"/>
  <testcase classname="com.qa.testcases.Login" name="verifyLoginInvalidCredentails" time="0.0">
    <ignored/>
  </testcase> <!-- verifyLoginInvalidCredentails -->
  <testcase classname="com.qa.testcases.Login" name="verifyLoginValidEmailAndInvalidPassword" time="0.0">
    <ignored/>
  </testcase> <!-- verifyLoginValidEmailAndInvalidPassword -->
  <testcase classname="com.qa.testcases.Login" name="verifyWithoutLoginCredentials" time="0.0">
    <ignored/>
  </testcase> <!-- verifyWithoutLoginCredentials -->
  <testcase classname="com.qa.testcases.Login" name="verifyLoginInvalidEmailAndValidPassword" time="0.0">
    <ignored/>
  </testcase> <!-- verifyLoginInvalidEmailAndValidPassword -->
</testsuite> <!-- Default test -->
